[0.014s] Invoking command in '/home/knight/autonomous_robot/build/cpp_code': CMAKE_PREFIX_PATH=${CMAKE_PREFIX_PATH}:/opt/ros/humble /usr/bin/cmake /home/knight/autonomous_robot/src/cpp_code -DCMAKE_INSTALL_PREFIX=/home/knight/autonomous_robot/install/cpp_code
[0.055s] -- The C compiler identification is GNU 11.4.0
[0.099s] -- The CXX compiler identification is GNU 11.4.0
[0.107s] -- Detecting C compiler ABI info
[0.156s] -- Detecting C compiler ABI info - done
[0.161s] -- Check for working C compiler: /usr/bin/cc - skipped
[0.162s] -- Detecting C compile features
[0.162s] -- Detecting C compile features - done
[0.164s] -- Detecting CXX compiler ABI info
[0.224s] -- Detecting CXX compiler ABI info - done
[0.232s] -- Check for working CXX compiler: /usr/bin/c++ - skipped
[0.232s] -- Detecting CXX compile features
[0.232s] -- Detecting CXX compile features - done
[0.235s] -- Found ament_cmake: 1.3.9 (/opt/ros/humble/share/ament_cmake/cmake)
[0.493s] -- Found Python3: /usr/bin/python3 (found version "3.10.12") found components: Interpreter 
[0.573s] -- Found ament_lint_auto: 0.12.11 (/opt/ros/humble/share/ament_lint_auto/cmake)
[0.642s] -- Added test 'lint_cmake' to check CMake code style
[0.643s] -- Added test 'xmllint' to check XML markup files
[0.645s] -- Configuring done
[0.648s] -- Generating done
[0.649s] -- Build files have been written to: /home/knight/autonomous_robot/build/cpp_code
[0.653s] Invoked command in '/home/knight/autonomous_robot/build/cpp_code' returned '0': CMAKE_PREFIX_PATH=${CMAKE_PREFIX_PATH}:/opt/ros/humble /usr/bin/cmake /home/knight/autonomous_robot/src/cpp_code -DCMAKE_INSTALL_PREFIX=/home/knight/autonomous_robot/install/cpp_code
[0.654s] Invoking command in '/home/knight/autonomous_robot/build/cpp_code': CMAKE_PREFIX_PATH=${CMAKE_PREFIX_PATH}:/opt/ros/humble /usr/bin/cmake --build /home/knight/autonomous_robot/build/cpp_code -- -j12 -l12
[0.670s] Invoked command in '/home/knight/autonomous_robot/build/cpp_code' returned '0': CMAKE_PREFIX_PATH=${CMAKE_PREFIX_PATH}:/opt/ros/humble /usr/bin/cmake --build /home/knight/autonomous_robot/build/cpp_code -- -j12 -l12
[0.689s] Invoking command in '/home/knight/autonomous_robot/build/cpp_code': CMAKE_PREFIX_PATH=${CMAKE_PREFIX_PATH}:/opt/ros/humble /usr/bin/cmake --install /home/knight/autonomous_robot/build/cpp_code
[0.692s] -- Install configuration: ""
[0.692s] -- Installing: /home/knight/autonomous_robot/install/cpp_code/share/ament_index/resource_index/package_run_dependencies/cpp_code
[0.692s] -- Installing: /home/knight/autonomous_robot/install/cpp_code/share/ament_index/resource_index/parent_prefix_path/cpp_code
[0.692s] -- Installing: /home/knight/autonomous_robot/install/cpp_code/share/cpp_code/environment/ament_prefix_path.sh
[0.692s] -- Installing: /home/knight/autonomous_robot/install/cpp_code/share/cpp_code/environment/ament_prefix_path.dsv
[0.692s] -- Installing: /home/knight/autonomous_robot/install/cpp_code/share/cpp_code/environment/path.sh
[0.693s] -- Installing: /home/knight/autonomous_robot/install/cpp_code/share/cpp_code/environment/path.dsv
[0.693s] -- Installing: /home/knight/autonomous_robot/install/cpp_code/share/cpp_code/local_setup.bash
[0.693s] -- Installing: /home/knight/autonomous_robot/install/cpp_code/share/cpp_code/local_setup.sh
[0.693s] -- Installing: /home/knight/autonomous_robot/install/cpp_code/share/cpp_code/local_setup.zsh
[0.693s] -- Installing: /home/knight/autonomous_robot/install/cpp_code/share/cpp_code/local_setup.dsv
[0.693s] -- Installing: /home/knight/autonomous_robot/install/cpp_code/share/cpp_code/package.dsv
[0.693s] -- Installing: /home/knight/autonomous_robot/install/cpp_code/share/ament_index/resource_index/packages/cpp_code
[0.694s] -- Installing: /home/knight/autonomous_robot/install/cpp_code/share/cpp_code/cmake/cpp_codeConfig.cmake
[0.694s] -- Installing: /home/knight/autonomous_robot/install/cpp_code/share/cpp_code/cmake/cpp_codeConfig-version.cmake
[0.694s] -- Installing: /home/knight/autonomous_robot/install/cpp_code/share/cpp_code/package.xml
[0.695s] Invoked command in '/home/knight/autonomous_robot/build/cpp_code' returned '0': CMAKE_PREFIX_PATH=${CMAKE_PREFIX_PATH}:/opt/ros/humble /usr/bin/cmake --install /home/knight/autonomous_robot/build/cpp_code
