[0.098s] DEBUG:colcon:Command line arguments: ['/usr/bin/colcon', 'build']
[0.099s] DEBUG:colcon:Parsed command line arguments: Namespace(log_base=None, log_level=None, verb_name='build', build_base='build', install_base='install', merge_install=False, symlink_install=False, test_result_base=None, continue_on_error=False, executor='parallel', parallel_workers=12, event_handlers=None, ignore_user_meta=False, metas=['./colcon.meta'], base_paths=['.'], packages_ignore=None, packages_ignore_regex=None, paths=None, packages_up_to=None, packages_up_to_regex=None, packages_above=None, packages_above_and_dependencies=None, packages_above_depth=None, packages_select_by_dep=None, packages_skip_by_dep=None, packages_skip_up_to=None, packages_select_build_failed=False, packages_skip_build_finished=False, packages_select_test_failures=False, packages_skip_test_passed=False, packages_select=None, packages_skip=None, packages_select_regex=None, packages_skip_regex=None, packages_start=None, packages_end=None, allow_overriding=[], cmake_args=None, cmake_target=None, cmake_target_skip_unavailable=False, cmake_clean_cache=False, cmake_clean_first=False, cmake_force_configure=False, ament_cmake_args=None, catkin_cmake_args=None, catkin_skip_building_tests=False, mixin_files=None, mixin=None, verb_parser=<colcon_mixin.mixin.mixin_argument.MixinArgumentDecorator object at 0x73e2a3336e00>, verb_extension=<colcon_core.verb.build.BuildVerb object at 0x73e2a34e0640>, main=<bound method BuildVerb.main of <colcon_core.verb.build.BuildVerb object at 0x73e2a34e0640>>, mixin_verb=('build',))
[0.127s] Level 1:colcon.colcon_core.package_discovery:discover_packages(colcon_meta) check parameters
[0.127s] Level 1:colcon.colcon_core.package_discovery:discover_packages(recursive) check parameters
[0.127s] Level 1:colcon.colcon_core.package_discovery:discover_packages(ignore) check parameters
[0.127s] Level 1:colcon.colcon_core.package_discovery:discover_packages(path) check parameters
[0.127s] Level 1:colcon.colcon_core.package_discovery:discover_packages(colcon_meta) discover
[0.127s] Level 1:colcon.colcon_core.package_discovery:discover_packages(recursive) discover
[0.128s] INFO:colcon.colcon_core.package_discovery:Crawling recursively for packages in '/home/knight/autonomous_robot'
[0.128s] Level 1:colcon.colcon_core.package_identification:_identify(.) by extensions ['ignore', 'ignore_ament_install']
[0.128s] Level 1:colcon.colcon_core.package_identification:_identify(.) by extension 'ignore'
[0.128s] Level 1:colcon.colcon_core.package_identification:_identify(.) by extension 'ignore_ament_install'
[0.128s] Level 1:colcon.colcon_core.package_identification:_identify(.) by extensions ['colcon_pkg']
[0.128s] Level 1:colcon.colcon_core.package_identification:_identify(.) by extension 'colcon_pkg'
[0.128s] Level 1:colcon.colcon_core.package_identification:_identify(.) by extensions ['colcon_meta']
[0.128s] Level 1:colcon.colcon_core.package_identification:_identify(.) by extension 'colcon_meta'
[0.128s] Level 1:colcon.colcon_core.package_identification:_identify(.) by extensions ['ros']
[0.128s] Level 1:colcon.colcon_core.package_identification:_identify(.) by extension 'ros'
[0.139s] Level 1:colcon.colcon_core.package_identification:_identify(.) by extensions ['cmake', 'python']
[0.139s] Level 1:colcon.colcon_core.package_identification:_identify(.) by extension 'cmake'
[0.139s] Level 1:colcon.colcon_core.package_identification:_identify(.) by extension 'python'
[0.139s] Level 1:colcon.colcon_core.package_identification:_identify(.) by extensions ['python_setup_py']
[0.139s] Level 1:colcon.colcon_core.package_identification:_identify(.) by extension 'python_setup_py'
[0.139s] Level 1:colcon.colcon_core.package_identification:_identify(build) by extensions ['ignore', 'ignore_ament_install']
[0.139s] Level 1:colcon.colcon_core.package_identification:_identify(build) by extension 'ignore'
[0.139s] Level 1:colcon.colcon_core.package_identification:_identify(build) ignored
[0.139s] Level 1:colcon.colcon_core.package_identification:_identify(install) by extensions ['ignore', 'ignore_ament_install']
[0.139s] Level 1:colcon.colcon_core.package_identification:_identify(install) by extension 'ignore'
[0.139s] Level 1:colcon.colcon_core.package_identification:_identify(install) ignored
[0.139s] Level 1:colcon.colcon_core.package_identification:_identify(log) by extensions ['ignore', 'ignore_ament_install']
[0.140s] Level 1:colcon.colcon_core.package_identification:_identify(log) by extension 'ignore'
[0.140s] Level 1:colcon.colcon_core.package_identification:_identify(log) ignored
[0.140s] Level 1:colcon.colcon_core.package_identification:_identify(src) by extensions ['ignore', 'ignore_ament_install']
[0.140s] Level 1:colcon.colcon_core.package_identification:_identify(src) by extension 'ignore'
[0.140s] Level 1:colcon.colcon_core.package_identification:_identify(src) by extension 'ignore_ament_install'
[0.140s] Level 1:colcon.colcon_core.package_identification:_identify(src) by extensions ['colcon_pkg']
[0.140s] Level 1:colcon.colcon_core.package_identification:_identify(src) by extension 'colcon_pkg'
[0.140s] Level 1:colcon.colcon_core.package_identification:_identify(src) by extensions ['colcon_meta']
[0.140s] Level 1:colcon.colcon_core.package_identification:_identify(src) by extension 'colcon_meta'
[0.140s] Level 1:colcon.colcon_core.package_identification:_identify(src) by extensions ['ros']
[0.140s] Level 1:colcon.colcon_core.package_identification:_identify(src) by extension 'ros'
[0.140s] Level 1:colcon.colcon_core.package_identification:_identify(src) by extensions ['cmake', 'python']
[0.140s] Level 1:colcon.colcon_core.package_identification:_identify(src) by extension 'cmake'
[0.140s] Level 1:colcon.colcon_core.package_identification:_identify(src) by extension 'python'
[0.140s] Level 1:colcon.colcon_core.package_identification:_identify(src) by extensions ['python_setup_py']
[0.140s] Level 1:colcon.colcon_core.package_identification:_identify(src) by extension 'python_setup_py'
[0.140s] Level 1:colcon.colcon_core.package_identification:_identify(src/cpp_code) by extensions ['ignore', 'ignore_ament_install']
[0.140s] Level 1:colcon.colcon_core.package_identification:_identify(src/cpp_code) by extension 'ignore'
[0.140s] Level 1:colcon.colcon_core.package_identification:_identify(src/cpp_code) by extension 'ignore_ament_install'
[0.140s] Level 1:colcon.colcon_core.package_identification:_identify(src/cpp_code) by extensions ['colcon_pkg']
[0.140s] Level 1:colcon.colcon_core.package_identification:_identify(src/cpp_code) by extension 'colcon_pkg'
[0.140s] Level 1:colcon.colcon_core.package_identification:_identify(src/cpp_code) by extensions ['colcon_meta']
[0.140s] Level 1:colcon.colcon_core.package_identification:_identify(src/cpp_code) by extension 'colcon_meta'
[0.140s] Level 1:colcon.colcon_core.package_identification:_identify(src/cpp_code) by extensions ['ros']
[0.140s] Level 1:colcon.colcon_core.package_identification:_identify(src/cpp_code) by extension 'ros'
[0.142s] DEBUG:colcon.colcon_core.package_identification:Package 'src/cpp_code' with type 'ros.ament_cmake' and name 'cpp_code'
[0.142s] Level 1:colcon.colcon_core.package_identification:_identify(src/python_code) by extensions ['ignore', 'ignore_ament_install']
[0.142s] Level 1:colcon.colcon_core.package_identification:_identify(src/python_code) by extension 'ignore'
[0.142s] Level 1:colcon.colcon_core.package_identification:_identify(src/python_code) by extension 'ignore_ament_install'
[0.142s] Level 1:colcon.colcon_core.package_identification:_identify(src/python_code) by extensions ['colcon_pkg']
[0.142s] Level 1:colcon.colcon_core.package_identification:_identify(src/python_code) by extension 'colcon_pkg'
[0.142s] Level 1:colcon.colcon_core.package_identification:_identify(src/python_code) by extensions ['colcon_meta']
[0.142s] Level 1:colcon.colcon_core.package_identification:_identify(src/python_code) by extension 'colcon_meta'
[0.142s] Level 1:colcon.colcon_core.package_identification:_identify(src/python_code) by extensions ['ros']
[0.142s] Level 1:colcon.colcon_core.package_identification:_identify(src/python_code) by extension 'ros'
[0.143s] DEBUG:colcon.colcon_core.package_identification:Package 'src/python_code' with type 'ros.ament_python' and name 'python_code'
[0.143s] Level 1:colcon.colcon_core.package_discovery:discover_packages(recursive) using defaults
[0.143s] Level 1:colcon.colcon_core.package_discovery:discover_packages(ignore) discover
[0.143s] Level 1:colcon.colcon_core.package_discovery:discover_packages(ignore) using defaults
[0.143s] Level 1:colcon.colcon_core.package_discovery:discover_packages(path) discover
[0.143s] Level 1:colcon.colcon_core.package_discovery:discover_packages(path) using defaults
[0.157s] Level 1:colcon.colcon_core.package_discovery:discover_packages(prefix_path) check parameters
[0.157s] Level 1:colcon.colcon_core.package_discovery:discover_packages(prefix_path) discover
[0.160s] DEBUG:colcon.colcon_installed_package_information.package_discovery:Found 3 installed packages in /home/knight/ros2_ws/install
[0.161s] DEBUG:colcon.colcon_installed_package_information.package_discovery:Found 285 installed packages in /opt/ros/humble
[0.162s] Level 1:colcon.colcon_core.package_discovery:discover_packages(prefix_path) using defaults
[0.192s] Level 5:colcon.colcon_core.verb:set package 'cpp_code' build argument 'cmake_args' from command line to 'None'
[0.192s] Level 5:colcon.colcon_core.verb:set package 'cpp_code' build argument 'cmake_target' from command line to 'None'
[0.192s] Level 5:colcon.colcon_core.verb:set package 'cpp_code' build argument 'cmake_target_skip_unavailable' from command line to 'False'
[0.192s] Level 5:colcon.colcon_core.verb:set package 'cpp_code' build argument 'cmake_clean_cache' from command line to 'False'
[0.192s] Level 5:colcon.colcon_core.verb:set package 'cpp_code' build argument 'cmake_clean_first' from command line to 'False'
[0.192s] Level 5:colcon.colcon_core.verb:set package 'cpp_code' build argument 'cmake_force_configure' from command line to 'False'
[0.192s] Level 5:colcon.colcon_core.verb:set package 'cpp_code' build argument 'ament_cmake_args' from command line to 'None'
[0.192s] Level 5:colcon.colcon_core.verb:set package 'cpp_code' build argument 'catkin_cmake_args' from command line to 'None'
[0.192s] Level 5:colcon.colcon_core.verb:set package 'cpp_code' build argument 'catkin_skip_building_tests' from command line to 'False'
[0.192s] DEBUG:colcon.colcon_core.verb:Building package 'cpp_code' with the following arguments: {'ament_cmake_args': None, 'build_base': '/home/knight/autonomous_robot/build/cpp_code', 'catkin_cmake_args': None, 'catkin_skip_building_tests': False, 'cmake_args': None, 'cmake_clean_cache': False, 'cmake_clean_first': False, 'cmake_force_configure': False, 'cmake_target': None, 'cmake_target_skip_unavailable': False, 'install_base': '/home/knight/autonomous_robot/install/cpp_code', 'merge_install': False, 'path': '/home/knight/autonomous_robot/src/cpp_code', 'symlink_install': False, 'test_result_base': None}
[0.192s] Level 5:colcon.colcon_core.verb:set package 'python_code' build argument 'cmake_args' from command line to 'None'
[0.192s] Level 5:colcon.colcon_core.verb:set package 'python_code' build argument 'cmake_target' from command line to 'None'
[0.192s] Level 5:colcon.colcon_core.verb:set package 'python_code' build argument 'cmake_target_skip_unavailable' from command line to 'False'
[0.192s] Level 5:colcon.colcon_core.verb:set package 'python_code' build argument 'cmake_clean_cache' from command line to 'False'
[0.192s] Level 5:colcon.colcon_core.verb:set package 'python_code' build argument 'cmake_clean_first' from command line to 'False'
[0.192s] Level 5:colcon.colcon_core.verb:set package 'python_code' build argument 'cmake_force_configure' from command line to 'False'
[0.192s] Level 5:colcon.colcon_core.verb:set package 'python_code' build argument 'ament_cmake_args' from command line to 'None'
[0.192s] Level 5:colcon.colcon_core.verb:set package 'python_code' build argument 'catkin_cmake_args' from command line to 'None'
[0.192s] Level 5:colcon.colcon_core.verb:set package 'python_code' build argument 'catkin_skip_building_tests' from command line to 'False'
[0.192s] DEBUG:colcon.colcon_core.verb:Building package 'python_code' with the following arguments: {'ament_cmake_args': None, 'build_base': '/home/knight/autonomous_robot/build/python_code', 'catkin_cmake_args': None, 'catkin_skip_building_tests': False, 'cmake_args': None, 'cmake_clean_cache': False, 'cmake_clean_first': False, 'cmake_force_configure': False, 'cmake_target': None, 'cmake_target_skip_unavailable': False, 'install_base': '/home/knight/autonomous_robot/install/python_code', 'merge_install': False, 'path': '/home/knight/autonomous_robot/src/python_code', 'symlink_install': False, 'test_result_base': None}
[0.192s] INFO:colcon.colcon_core.executor:Executing jobs using 'parallel' executor
[0.193s] DEBUG:colcon.colcon_parallel_executor.executor.parallel:run_until_complete
[0.193s] INFO:colcon.colcon_ros.task.ament_cmake.build:Building ROS package in '/home/knight/autonomous_robot/src/cpp_code' with build type 'ament_cmake'
[0.193s] INFO:colcon.colcon_cmake.task.cmake.build:Building CMake package in '/home/knight/autonomous_robot/src/cpp_code'
[0.196s] INFO:colcon.colcon_core.plugin_system:Skipping extension 'colcon_core.shell.bat': Not used on non-Windows systems
[0.197s] INFO:colcon.colcon_core.shell:Skip shell extension 'powershell' for command environment: Not usable outside of PowerShell
[0.197s] DEBUG:colcon.colcon_core.shell:Skip shell extension 'dsv' for command environment
[0.200s] INFO:colcon.colcon_ros.task.ament_python.build:Building ROS package in '/home/knight/autonomous_robot/src/python_code' with build type 'ament_python'
[0.200s] Level 1:colcon.colcon_core.shell:create_environment_hook('python_code', 'ament_prefix_path')
[0.200s] INFO:colcon.colcon_core.shell:Creating environment hook '/home/knight/autonomous_robot/install/python_code/share/python_code/hook/ament_prefix_path.ps1'
[0.201s] INFO:colcon.colcon_core.shell:Creating environment descriptor '/home/knight/autonomous_robot/install/python_code/share/python_code/hook/ament_prefix_path.dsv'
[0.201s] INFO:colcon.colcon_core.shell:Creating environment hook '/home/knight/autonomous_robot/install/python_code/share/python_code/hook/ament_prefix_path.sh'
[0.202s] INFO:colcon.colcon_core.shell:Skip shell extension 'powershell' for command environment: Not usable outside of PowerShell
[0.202s] DEBUG:colcon.colcon_core.shell:Skip shell extension 'dsv' for command environment
[0.208s] DEBUG:colcon.colcon_core.event_handler.log_command:Invoking command in '/home/knight/autonomous_robot/build/cpp_code': CMAKE_PREFIX_PATH=${CMAKE_PREFIX_PATH}:/opt/ros/humble /usr/bin/cmake /home/knight/autonomous_robot/src/cpp_code -DCMAKE_INSTALL_PREFIX=/home/knight/autonomous_robot/install/cpp_code
[0.377s] INFO:colcon.colcon_core.task.python.build:Building Python package in '/home/knight/autonomous_robot/src/python_code'
[0.377s] INFO:colcon.colcon_core.shell:Skip shell extension 'powershell' for command environment: Not usable outside of PowerShell
[0.377s] DEBUG:colcon.colcon_core.shell:Skip shell extension 'dsv' for command environment
[0.847s] DEBUG:colcon.colcon_core.event_handler.log_command:Invoked command in '/home/knight/autonomous_robot/build/cpp_code' returned '0': CMAKE_PREFIX_PATH=${CMAKE_PREFIX_PATH}:/opt/ros/humble /usr/bin/cmake /home/knight/autonomous_robot/src/cpp_code -DCMAKE_INSTALL_PREFIX=/home/knight/autonomous_robot/install/cpp_code
[0.848s] DEBUG:colcon.colcon_core.event_handler.log_command:Invoking command in '/home/knight/autonomous_robot/build/cpp_code': CMAKE_PREFIX_PATH=${CMAKE_PREFIX_PATH}:/opt/ros/humble /usr/bin/cmake --build /home/knight/autonomous_robot/build/cpp_code -- -j12 -l12
[0.865s] DEBUG:colcon.colcon_core.event_handler.log_command:Invoked command in '/home/knight/autonomous_robot/build/cpp_code' returned '0': CMAKE_PREFIX_PATH=${CMAKE_PREFIX_PATH}:/opt/ros/humble /usr/bin/cmake --build /home/knight/autonomous_robot/build/cpp_code -- -j12 -l12
[0.883s] DEBUG:colcon.colcon_core.event_handler.log_command:Invoking command in '/home/knight/autonomous_robot/build/cpp_code': CMAKE_PREFIX_PATH=${CMAKE_PREFIX_PATH}:/opt/ros/humble /usr/bin/cmake --install /home/knight/autonomous_robot/build/cpp_code
[0.889s] Level 1:colcon.colcon_core.environment:create_environment_scripts_only(cpp_code)
[0.889s] DEBUG:colcon.colcon_core.event_handler.log_command:Invoked command in '/home/knight/autonomous_robot/build/cpp_code' returned '0': CMAKE_PREFIX_PATH=${CMAKE_PREFIX_PATH}:/opt/ros/humble /usr/bin/cmake --install /home/knight/autonomous_robot/build/cpp_code
[0.893s] Level 1:colcon.colcon_core.environment:checking '/home/knight/autonomous_robot/install/cpp_code' for CMake module files
[0.893s] Level 1:colcon.colcon_core.environment:checking '/home/knight/autonomous_robot/install/cpp_code' for CMake config files
[0.893s] Level 1:colcon.colcon_core.shell:create_environment_hook('cpp_code', 'cmake_prefix_path')
[0.894s] INFO:colcon.colcon_core.shell:Creating environment hook '/home/knight/autonomous_robot/install/cpp_code/share/cpp_code/hook/cmake_prefix_path.ps1'
[0.894s] INFO:colcon.colcon_core.shell:Creating environment descriptor '/home/knight/autonomous_robot/install/cpp_code/share/cpp_code/hook/cmake_prefix_path.dsv'
[0.894s] INFO:colcon.colcon_core.shell:Creating environment hook '/home/knight/autonomous_robot/install/cpp_code/share/cpp_code/hook/cmake_prefix_path.sh'
[0.895s] Level 1:colcon.colcon_core.environment:checking '/home/knight/autonomous_robot/install/cpp_code/bin'
[0.895s] Level 1:colcon.colcon_core.environment:checking '/home/knight/autonomous_robot/install/cpp_code/lib/pkgconfig/cpp_code.pc'
[0.895s] Level 1:colcon.colcon_core.environment:checking '/home/knight/autonomous_robot/install/cpp_code/lib/python3.10/site-packages'
[0.895s] Level 1:colcon.colcon_core.environment:checking '/home/knight/autonomous_robot/install/cpp_code/bin'
[0.896s] INFO:colcon.colcon_core.shell:Creating package script '/home/knight/autonomous_robot/install/cpp_code/share/cpp_code/package.ps1'
[0.896s] INFO:colcon.colcon_core.shell:Creating package descriptor '/home/knight/autonomous_robot/install/cpp_code/share/cpp_code/package.dsv'
[0.897s] INFO:colcon.colcon_core.shell:Creating package script '/home/knight/autonomous_robot/install/cpp_code/share/cpp_code/package.sh'
[0.898s] INFO:colcon.colcon_core.shell:Creating package script '/home/knight/autonomous_robot/install/cpp_code/share/cpp_code/package.bash'
[0.898s] INFO:colcon.colcon_core.shell:Creating package script '/home/knight/autonomous_robot/install/cpp_code/share/cpp_code/package.zsh'
[0.899s] Level 1:colcon.colcon_core.environment:create_file_with_runtime_dependencies(/home/knight/autonomous_robot/install/cpp_code/share/colcon-core/packages/cpp_code)
[0.917s] Level 1:colcon.colcon_core.environment:create_environment_scripts_only(cpp_code)
[0.918s] Level 1:colcon.colcon_core.environment:checking '/home/knight/autonomous_robot/install/cpp_code' for CMake module files
[0.918s] DEBUG:colcon.colcon_core.event_handler.log_command:Invoking command in '/home/knight/autonomous_robot/src/python_code': PYTHONPATH=/home/knight/autonomous_robot/build/python_code/prefix_override:/home/knight/autonomous_robot/install/python_code/lib/python3.10/site-packages:${PYTHONPATH} /usr/bin/python3 -W ignore:setup.py install is deprecated setup.py egg_info --egg-base ../../build/python_code build --build-base /home/knight/autonomous_robot/build/python_code/build install --record /home/knight/autonomous_robot/build/python_code/install.log --single-version-externally-managed install_data
[0.918s] Level 1:colcon.colcon_core.environment:checking '/home/knight/autonomous_robot/install/cpp_code' for CMake config files
[0.918s] Level 1:colcon.colcon_core.shell:create_environment_hook('cpp_code', 'cmake_prefix_path')
[0.919s] INFO:colcon.colcon_core.shell:Creating environment hook '/home/knight/autonomous_robot/install/cpp_code/share/cpp_code/hook/cmake_prefix_path.ps1'
[0.919s] INFO:colcon.colcon_core.shell:Creating environment descriptor '/home/knight/autonomous_robot/install/cpp_code/share/cpp_code/hook/cmake_prefix_path.dsv'
[0.919s] INFO:colcon.colcon_core.shell:Creating environment hook '/home/knight/autonomous_robot/install/cpp_code/share/cpp_code/hook/cmake_prefix_path.sh'
[0.920s] Level 1:colcon.colcon_core.environment:checking '/home/knight/autonomous_robot/install/cpp_code/bin'
[0.920s] Level 1:colcon.colcon_core.environment:checking '/home/knight/autonomous_robot/install/cpp_code/lib/pkgconfig/cpp_code.pc'
[0.920s] Level 1:colcon.colcon_core.environment:checking '/home/knight/autonomous_robot/install/cpp_code/lib/python3.10/site-packages'
[0.920s] Level 1:colcon.colcon_core.environment:checking '/home/knight/autonomous_robot/install/cpp_code/bin'
[0.920s] INFO:colcon.colcon_core.shell:Creating package script '/home/knight/autonomous_robot/install/cpp_code/share/cpp_code/package.ps1'
[0.921s] INFO:colcon.colcon_core.shell:Creating package descriptor '/home/knight/autonomous_robot/install/cpp_code/share/cpp_code/package.dsv'
[0.921s] INFO:colcon.colcon_core.shell:Creating package script '/home/knight/autonomous_robot/install/cpp_code/share/cpp_code/package.sh'
[0.921s] INFO:colcon.colcon_core.shell:Creating package script '/home/knight/autonomous_robot/install/cpp_code/share/cpp_code/package.bash'
[0.921s] INFO:colcon.colcon_core.shell:Creating package script '/home/knight/autonomous_robot/install/cpp_code/share/cpp_code/package.zsh'
[0.922s] Level 1:colcon.colcon_core.environment:create_file_with_runtime_dependencies(/home/knight/autonomous_robot/install/cpp_code/share/colcon-core/packages/cpp_code)
[1.336s] Level 1:colcon.colcon_core.environment:checking '/home/knight/autonomous_robot/install/python_code' for CMake module files
[1.336s] DEBUG:colcon.colcon_core.event_handler.log_command:Invoked command in '/home/knight/autonomous_robot/src/python_code' returned '0': PYTHONPATH=/home/knight/autonomous_robot/build/python_code/prefix_override:/home/knight/autonomous_robot/install/python_code/lib/python3.10/site-packages:${PYTHONPATH} /usr/bin/python3 -W ignore:setup.py install is deprecated setup.py egg_info --egg-base ../../build/python_code build --build-base /home/knight/autonomous_robot/build/python_code/build install --record /home/knight/autonomous_robot/build/python_code/install.log --single-version-externally-managed install_data
[1.336s] Level 1:colcon.colcon_core.environment:checking '/home/knight/autonomous_robot/install/python_code' for CMake config files
[1.337s] Level 1:colcon.colcon_core.environment:checking '/home/knight/autonomous_robot/install/python_code/lib'
[1.337s] Level 1:colcon.colcon_core.environment:checking '/home/knight/autonomous_robot/install/python_code/bin'
[1.337s] Level 1:colcon.colcon_core.environment:checking '/home/knight/autonomous_robot/install/python_code/lib/pkgconfig/python_code.pc'
[1.337s] Level 1:colcon.colcon_core.environment:checking '/home/knight/autonomous_robot/install/python_code/lib/python3.10/site-packages'
[1.337s] Level 1:colcon.colcon_core.shell:create_environment_hook('python_code', 'pythonpath')
[1.337s] INFO:colcon.colcon_core.shell:Creating environment hook '/home/knight/autonomous_robot/install/python_code/share/python_code/hook/pythonpath.ps1'
[1.338s] INFO:colcon.colcon_core.shell:Creating environment descriptor '/home/knight/autonomous_robot/install/python_code/share/python_code/hook/pythonpath.dsv'
[1.338s] INFO:colcon.colcon_core.shell:Creating environment hook '/home/knight/autonomous_robot/install/python_code/share/python_code/hook/pythonpath.sh'
[1.338s] Level 1:colcon.colcon_core.environment:checking '/home/knight/autonomous_robot/install/python_code/bin'
[1.338s] Level 1:colcon.colcon_core.environment:create_environment_scripts_only(python_code)
[1.338s] INFO:colcon.colcon_core.shell:Creating package script '/home/knight/autonomous_robot/install/python_code/share/python_code/package.ps1'
[1.339s] INFO:colcon.colcon_core.shell:Creating package descriptor '/home/knight/autonomous_robot/install/python_code/share/python_code/package.dsv'
[1.339s] INFO:colcon.colcon_core.shell:Creating package script '/home/knight/autonomous_robot/install/python_code/share/python_code/package.sh'
[1.339s] INFO:colcon.colcon_core.shell:Creating package script '/home/knight/autonomous_robot/install/python_code/share/python_code/package.bash'
[1.340s] INFO:colcon.colcon_core.shell:Creating package script '/home/knight/autonomous_robot/install/python_code/share/python_code/package.zsh'
[1.340s] Level 1:colcon.colcon_core.environment:create_file_with_runtime_dependencies(/home/knight/autonomous_robot/install/python_code/share/colcon-core/packages/python_code)
[1.340s] DEBUG:colcon.colcon_parallel_executor.executor.parallel:closing loop
[1.340s] DEBUG:colcon.colcon_parallel_executor.executor.parallel:loop closed
[1.340s] DEBUG:colcon.colcon_parallel_executor.executor.parallel:run_until_complete finished with '0'
[1.340s] DEBUG:colcon.colcon_core.event_reactor:joining thread
[1.352s] INFO:colcon.colcon_core.plugin_system:Skipping extension 'colcon_notification.desktop_notification.terminal_notifier': Not used on non-Darwin systems
[1.352s] INFO:colcon.colcon_core.plugin_system:Skipping extension 'colcon_notification.desktop_notification.win32': Not used on non-Windows systems
[1.352s] INFO:colcon.colcon_notification.desktop_notification:Sending desktop notification using 'notify2'
[1.368s] DEBUG:colcon.colcon_core.event_reactor:joined thread
[1.368s] INFO:colcon.colcon_core.shell:Creating prefix script '/home/knight/autonomous_robot/install/local_setup.ps1'
[1.369s] INFO:colcon.colcon_core.shell:Creating prefix util module '/home/knight/autonomous_robot/install/_local_setup_util_ps1.py'
[1.370s] INFO:colcon.colcon_core.shell:Creating prefix chain script '/home/knight/autonomous_robot/install/setup.ps1'
[1.372s] INFO:colcon.colcon_core.shell:Creating prefix script '/home/knight/autonomous_robot/install/local_setup.sh'
[1.372s] INFO:colcon.colcon_core.shell:Creating prefix util module '/home/knight/autonomous_robot/install/_local_setup_util_sh.py'
[1.372s] INFO:colcon.colcon_core.shell:Creating prefix chain script '/home/knight/autonomous_robot/install/setup.sh'
[1.373s] INFO:colcon.colcon_core.shell:Creating prefix script '/home/knight/autonomous_robot/install/local_setup.bash'
[1.374s] INFO:colcon.colcon_core.shell:Creating prefix chain script '/home/knight/autonomous_robot/install/setup.bash'
[1.374s] INFO:colcon.colcon_core.shell:Creating prefix script '/home/knight/autonomous_robot/install/local_setup.zsh'
[1.375s] INFO:colcon.colcon_core.shell:Creating prefix chain script '/home/knight/autonomous_robot/install/setup.zsh'
