running egg_info
creating ../../build/python_code/python_code.egg-info
writing ../../build/python_code/python_code.egg-info/PKG-INFO
writing dependency_links to ../../build/python_code/python_code.egg-info/dependency_links.txt
writing requirements to ../../build/python_code/python_code.egg-info/requires.txt
writing top-level names to ../../build/python_code/python_code.egg-info/top_level.txt
writing manifest file '../../build/python_code/python_code.egg-info/SOURCES.txt'
reading manifest file '../../build/python_code/python_code.egg-info/SOURCES.txt'
adding license file 'LICENSE'
writing manifest file '../../build/python_code/python_code.egg-info/SOURCES.txt'
running build
running build_py
creating /home/knight/autonomous_robot/build/python_code/build
creating /home/knight/autonomous_robot/build/python_code/build/lib
creating /home/knight/autonomous_robot/build/python_code/build/lib/python_code
copying python_code/__init__.py -> /home/knight/autonomous_robot/build/python_code/build/lib/python_code
running install
running install_lib
creating /home/knight/autonomous_robot/install/python_code/lib/python3.10/site-packages/python_code
copying /home/knight/autonomous_robot/build/python_code/build/lib/python_code/__init__.py -> /home/knight/autonomous_robot/install/python_code/lib/python3.10/site-packages/python_code
byte-compiling /home/knight/autonomous_robot/install/python_code/lib/python3.10/site-packages/python_code/__init__.py to __init__.cpython-310.pyc
running install_data
creating /home/knight/autonomous_robot/install/python_code/share/ament_index
creating /home/knight/autonomous_robot/install/python_code/share/ament_index/resource_index
creating /home/knight/autonomous_robot/install/python_code/share/ament_index/resource_index/packages
copying resource/python_code -> /home/knight/autonomous_robot/install/python_code/share/ament_index/resource_index/packages
copying package.xml -> /home/knight/autonomous_robot/install/python_code/share/python_code
running install_egg_info
Copying ../../build/python_code/python_code.egg-info to /home/knight/autonomous_robot/install/python_code/lib/python3.10/site-packages/python_code-0.0.0-py3.10.egg-info
running install_scripts
writing list of installed files to '/home/knight/autonomous_robot/build/python_code/install.log'
