[0.718s] Invoking command in '/home/knight/autonomous_robot/src/python_code': PYTHONPATH=/home/knight/autonomous_robot/build/python_code/prefix_override:/home/knight/autonomous_robot/install/python_code/lib/python3.10/site-packages:${PYTHONPATH} /usr/bin/python3 -W ignore:setup.py install is deprecated setup.py egg_info --egg-base ../../build/python_code build --build-base /home/knight/autonomous_robot/build/python_code/build install --record /home/knight/autonomous_robot/build/python_code/install.log --single-version-externally-managed install_data
[0.917s] running egg_info
[0.917s] creating ../../build/python_code/python_code.egg-info
[0.931s] writing ../../build/python_code/python_code.egg-info/PKG-INFO
[0.931s] writing dependency_links to ../../build/python_code/python_code.egg-info/dependency_links.txt
[0.931s] writing requirements to ../../build/python_code/python_code.egg-info/requires.txt
[0.931s] writing top-level names to ../../build/python_code/python_code.egg-info/top_level.txt
[0.931s] writing manifest file '../../build/python_code/python_code.egg-info/SOURCES.txt'
[0.958s] reading manifest file '../../build/python_code/python_code.egg-info/SOURCES.txt'
[0.959s] adding license file 'LICENSE'
[0.959s] writing manifest file '../../build/python_code/python_code.egg-info/SOURCES.txt'
[0.959s] running build
[0.959s] running build_py
[0.959s] creating /home/knight/autonomous_robot/build/python_code/build
[0.959s] creating /home/knight/autonomous_robot/build/python_code/build/lib
[0.960s] creating /home/knight/autonomous_robot/build/python_code/build/lib/python_code
[0.960s] copying python_code/__init__.py -> /home/knight/autonomous_robot/build/python_code/build/lib/python_code
[0.960s] running install
[0.963s] running install_lib
[0.977s] creating /home/knight/autonomous_robot/install/python_code/lib/python3.10/site-packages/python_code
[0.977s] copying /home/knight/autonomous_robot/build/python_code/build/lib/python_code/__init__.py -> /home/knight/autonomous_robot/install/python_code/lib/python3.10/site-packages/python_code
[0.977s] byte-compiling /home/knight/autonomous_robot/install/python_code/lib/python3.10/site-packages/python_code/__init__.py to __init__.cpython-310.pyc
[0.978s] running install_data
[0.978s] creating /home/knight/autonomous_robot/install/python_code/share/ament_index
[0.978s] creating /home/knight/autonomous_robot/install/python_code/share/ament_index/resource_index
[0.978s] creating /home/knight/autonomous_robot/install/python_code/share/ament_index/resource_index/packages
[0.978s] copying resource/python_code -> /home/knight/autonomous_robot/install/python_code/share/ament_index/resource_index/packages
[0.978s] copying package.xml -> /home/knight/autonomous_robot/install/python_code/share/python_code
[0.978s] running install_egg_info
[0.992s] Copying ../../build/python_code/python_code.egg-info to /home/knight/autonomous_robot/install/python_code/lib/python3.10/site-packages/python_code-0.0.0-py3.10.egg-info
[0.993s] running install_scripts
[1.114s] writing list of installed files to '/home/knight/autonomous_robot/build/python_code/install.log'
[1.136s] Invoked command in '/home/knight/autonomous_robot/src/python_code' returned '0': PYTHONPATH=/home/knight/autonomous_robot/build/python_code/prefix_override:/home/knight/autonomous_robot/install/python_code/lib/python3.10/site-packages:${PYTHONPATH} /usr/bin/python3 -W ignore:setup.py install is deprecated setup.py egg_info --egg-base ../../build/python_code build --build-base /home/knight/autonomous_robot/build/python_code/build install --record /home/knight/autonomous_robot/build/python_code/install.log --single-version-externally-managed install_data
